+b main
No symbol table is loaded.  Use the "file" command.
Make breakpoint pending on future shared library load? (y or [n]) Please answer y or [n].
Make breakpoint pending on future shared library load? (y or [n]) Breakpoint 1 (main) pending.
+r
Starting program:  
No executable specified, use `target exec'.
+s
The program is not being run.
+s
The program is not being run.
+s
The program is not being run.
+b main
Breakpoint 1 at 0x40146e: file c:\Users\VISHAL KARTHIK\Documents\GitHub\c_activity_sets\set02\problem07.c, line 10.
+r
Starting program: c:\Users\VISHAL KARTHIK\Documents\GitHub\c_activity_sets\set02/./problem07.exe 
[New Thread 29680.0x6154]
[New Thread 29680.0x7058]

Breakpoint 1, main () at c:\Users\VISHAL KARTHIK\Documents\GitHub\c_activity_sets\set02\problem07.c:10
10	    Triangle myTriangle = input_triangle(); 
+s
input_triangle () at c:\Users\VISHAL KARTHIK\Documents\GitHub\c_activity_sets\set02\problem07.c:17
17	    printf("Enter the base of the triangle: ");
+s
18	    scanf("%f", &t.base);
+s
19	    printf("Enter the altitude of the triangle: ");
+s
20	    scanf("%f", &t.altitude);
+s
21	    return t;
+s
22	}
+s
main () at c:\Users\VISHAL KARTHIK\Documents\GitHub\c_activity_sets\set02\problem07.c:11
11	    find_area(&myTriangle); 
+s
find_area (t=0x61ff14) at c:\Users\VISHAL KARTHIK\Documents\GitHub\c_activity_sets\set02\problem07.c:24
24	    t->area = 0.5 * t->base * t->altitude;
+s
25	}
+s
main () at c:\Users\VISHAL KARTHIK\Documents\GitHub\c_activity_sets\set02\problem07.c:12
12	    output(myTriangle); 
+s
output (t=...) at c:\Users\VISHAL KARTHIK\Documents\GitHub\c_activity_sets\set02\problem07.c:27
27	    printf("Triangle Details:\n");
+s
28	    printf("Base: %.2f\n", t.base);
+s
29	    printf("Altitude: %.2f\n", t.altitude);
+s
30	    printf("Area: %.2f\n", t.area);
+s
31	}
+s
main () at c:\Users\VISHAL KARTHIK\Documents\GitHub\c_activity_sets\set02\problem07.c:13
13	    return 0;
+s
14	}
+s
0x00401288 in __register_frame_info ()
+s
Single stepping until exit from function __register_frame_info,
which has no line number information.
0x0040128a in __register_frame_info ()
+s
Single stepping until exit from function __register_frame_info,
which has no line number information.
0x0040128f in __register_frame_info ()
+quit
A debugging session is active.

	Inferior 1 [process 29680] will be killed.

Quit anyway? (y or n) error return ../../gdb-7.6.1/gdb/windows-nat.c:1275 was 5
