+b main
Breakpoint 1 at 0x40146e: file c:\Users\VISHAL KARTHIK\Documents\GitHub\c_activity_sets\set02\problem01.c, line 10.
+r
Starting program: c:\Users\VISHAL KARTHIK\Documents\GitHub\c_activity_sets\set02/./problem01.exe 
[New Thread 5612.0x3f24]
[New Thread 5612.0x48ec]

Breakpoint 1, main () at c:\Users\VISHAL KARTHIK\Documents\GitHub\c_activity_sets\set02\problem01.c:10
10	    input(&base, &height);
+s
input (base=0x61ff1c, height=0x61ff18) at c:\Users\VISHAL KARTHIK\Documents\GitHub\c_activity_sets\set02\problem01.c:17
17	    printf("Enter the base of the triangle: ");
+s
18	    scanf("%f", base);
+s
20	    printf("Enter the height of the triangle: ");
+s
21	    scanf("%f", height);
+s
22	}
+s
main () at c:\Users\VISHAL KARTHIK\Documents\GitHub\c_activity_sets\set02\problem01.c:11
11	    find_area(base, height, &area);
+s
find_area (base=4.78692524e-039, height=0, area=0x61ff14) at c:\Users\VISHAL KARTHIK\Documents\GitHub\c_activity_sets\set02\problem01.c:25
25	    *area = 0.5 * base * height;
+s
26	}
+quit
A debugging session is active.

	Inferior 1 [process 5612] will be killed.

Quit anyway? (y or n) error return ../../gdb-7.6.1/gdb/windows-nat.c:1275 was 5
