+b main
Breakpoint 1 at 0x401526: file c:\Users\VISHAL KARTHIK\Documents\GitHub\c_activity_sets\set01\problem11.c, line 32.
+r
Starting program: c:\Users\VISHAL KARTHIK\Documents\GitHub\c_activity_sets\set01/./problem11.exe 
[New Thread 25540.0x11b0]
[New Thread 25540.0x53b0]

Breakpoint 1, main () at c:\Users\VISHAL KARTHIK\Documents\GitHub\c_activity_sets\set01\problem11.c:32
32	    printf("Enter the first complex number:\n");
+s
33	    num1 = input_complex();
+s
input_complex () at c:\Users\VISHAL KARTHIK\Documents\GitHub\c_activity_sets\set01\problem11.c:11
11	    printf("Enter real part: ");
+s
12	    scanf("%f", &c.real);
+s
13	    printf("Enter imaginary part: ");
+quit
A debugging session is active.

	Inferior 1 [process 25540] will be killed.

Quit anyway? (y or n) error return ../../gdb-7.6.1/gdb/windows-nat.c:1275 was 5
